<?xml version="1.0" encoding="UTF-8"?>
<!-- Generated by org.testng.reporters.JUnitReportReporter -->
<testsuite hostname="BCXX042" failures="0" tests="1" name="testcases.HomeTest" time="3.026" errors="0" timestamp="2022-09-11T10:57:55 IST" skipped="0">
  <testcase classname="testcases.HomeTest" name="Test1" time="3.026"/>
  <system-out/>
</testsuite> <!-- testcases.HomeTest -->
