<?xml version="1.0" encoding="UTF-8"?>
<!-- Generated by org.testng.reporters.JUnitReportReporter -->
<testsuite hostname="BCXX042" failures="0" tests="1" name="testcases.HomeTest" time="6.823" errors="0" timestamp="18 Sep 2022 04:32:17 GMT" skipped="0">
  <testcase classname="testcases.HomeTest" name="Test1" time="6.823"/>
</testsuite> <!-- testcases.HomeTest -->
