<?xml version="1.0" encoding="UTF-8"?>
<!-- Generated by org.testng.reporters.JUnitReportReporter -->
<testsuite skipped="0" hostname="BCXX042" name="testcases.HomeTest" tests="1" failures="0" timestamp="2022-09-10T12:56:19 IST" time="7.316" errors="0">
  <testcase name="Test1" time="7.316" classname="testcases.HomeTest"/>
  <system-out/>
</testsuite> <!-- testcases.HomeTest -->
