<?xml version="1.0" encoding="UTF-8"?>
<!-- Generated by org.testng.reporters.JUnitReportReporter -->
<testsuite hostname="BCXX042" failures="0" tests="3" name="testcases.SimplilearnLoginTest" time="33.628" errors="0" timestamp="18 Sep 2022 06:34:05 GMT" skipped="0">
  <testcase classname="testcases.SimplilearnLoginTest" name="Test3" time="9.930"/>
  <testcase classname="testcases.SimplilearnLoginTest" name="Test2" time="10.696"/>
  <testcase classname="testcases.SimplilearnLoginTest" name="Test1" time="13.002"/>
</testsuite> <!-- testcases.SimplilearnLoginTest -->
